[debug] [2023-08-10T18:59:25.667Z] ----------------------------------------------------------------------
[debug] [2023-08-10T18:59:25.670Z] Command:       C:\Program Files\nodejs\node.exe C:\Users\New User\AppData\Roaming\npm\node_modules\firebase-tools\lib\bin\firebase.js emulators:start
[debug] [2023-08-10T18:59:25.671Z] CLI Version:   12.4.7
[debug] [2023-08-10T18:59:25.672Z] Platform:      win32
[debug] [2023-08-10T18:59:25.672Z] Node Version:  v18.16.0
[debug] [2023-08-10T18:59:25.675Z] Time:          Thu Aug 10 2023 14:59:25 GMT-0400 (Eastern Daylight Time)
[debug] [2023-08-10T18:59:25.675Z] ----------------------------------------------------------------------
[debug] 
[debug] [2023-08-10T18:59:26.091Z] > command requires scopes: ["email","openid","https://www.googleapis.com/auth/cloudplatformprojects.readonly","https://www.googleapis.com/auth/firebase","https://www.googleapis.com/auth/cloud-platform"]
[debug] [2023-08-10T18:59:26.092Z] > authorizing via signed-in user (edilawitmengistu68@gmail.com)
[info] i  emulators: Starting emulators: functions {"metadata":{"emulator":{"name":"hub"},"message":"Starting emulators: functions"}}
[debug] [2023-08-10T18:59:26.176Z] [logging] Logging Emulator only supports listening on one address (127.0.0.1). Not listening on ::1
[warn] !  ui: Emulator UI unable to start on port 4000, starting on 4005 instead. {"metadata":{"emulator":{"name":"ui"},"message":"Emulator UI unable to start on port 4000, starting on 4005 instead."}}
[debug] [2023-08-10T18:59:26.190Z] assigned listening specs for emulators {"user":{"hub":[{"address":"127.0.0.1","family":"IPv4","port":4400},{"address":"::1","family":"IPv6","port":4400}],"logging":[{"address":"127.0.0.1","family":"IPv4","port":4500}],"ui":[{"address":"127.0.0.1","family":"IPv4","port":4005},{"address":"::1","family":"IPv6","port":4005}]},"metadata":{"message":"assigned listening specs for emulators"}}
[debug] [2023-08-10T18:59:26.272Z] [hub] writing locator at C:\Users\NEWUSE~1\AppData\Local\Temp\hub-clone-c80e8.json
[debug] [2023-08-10T18:59:26.341Z] [functions] Functions Emulator only supports listening on one address (127.0.0.1). Not listening on ::1
[debug] [2023-08-10T18:59:26.341Z] [eventarc] Eventarc Emulator only supports listening on one address (127.0.0.1). Not listening on ::1
[debug] [2023-08-10T18:59:26.341Z] late-assigned ports for functions and eventarc emulators {"user":{"hub":[{"address":"127.0.0.1","family":"IPv4","port":4400},{"address":"::1","family":"IPv6","port":4400}],"logging":[{"address":"127.0.0.1","family":"IPv4","port":4500}],"ui":[{"address":"127.0.0.1","family":"IPv4","port":4005},{"address":"::1","family":"IPv6","port":4005}],"functions":[{"address":"127.0.0.1","family":"IPv4","port":5001}],"eventarc":[{"address":"127.0.0.1","family":"IPv4","port":9299}]},"metadata":{"message":"late-assigned ports for functions and eventarc emulators"}}
[warn] !  functions: The following emulators are not running, calls to these services from the Functions emulator will affect production: auth, firestore, database, hosting, pubsub, storage {"metadata":{"emulator":{"name":"functions"},"message":"The following emulators are not running, calls to these services from the Functions emulator will affect production: \u001b[1mauth, firestore, database, hosting, pubsub, storage\u001b[22m"}}
[debug] [2023-08-10T18:59:26.356Z] defaultcredentials: writing to file C:\Users\New User\AppData\Roaming\firebase\edilawitmengistu68_gmail_com_application_default_credentials.json
[debug] [2023-08-10T18:59:26.376Z] Setting GAC to C:\Users\New User\AppData\Roaming\firebase\edilawitmengistu68_gmail_com_application_default_credentials.json {"metadata":{"emulator":{"name":"functions"},"message":"Setting GAC to C:\\Users\\New User\\AppData\\Roaming\\firebase\\edilawitmengistu68_gmail_com_application_default_credentials.json"}}
[debug] [2023-08-10T18:59:26.398Z] >>> [apiv2][query] GET https://firebase.googleapis.com/v1beta1/projects/clone-c80e8/adminSdkConfig [none]
[debug] [2023-08-10T18:59:27.008Z] <<< [apiv2][status] GET https://firebase.googleapis.com/v1beta1/projects/clone-c80e8/adminSdkConfig 200
[debug] [2023-08-10T18:59:27.008Z] <<< [apiv2][body] GET https://firebase.googleapis.com/v1beta1/projects/clone-c80e8/adminSdkConfig {"projectId":"clone-c80e8","storageBucket":"clone-c80e8.appspot.com"}
[debug] [2023-08-10T18:59:27.043Z] Ignoring unsupported arg: auto_download {"metadata":{"emulator":{"name":"ui"},"message":"Ignoring unsupported arg: auto_download"}}
[debug] [2023-08-10T18:59:27.044Z] Ignoring unsupported arg: port {"metadata":{"emulator":{"name":"ui"},"message":"Ignoring unsupported arg: port"}}
[debug] [2023-08-10T18:59:27.044Z] Starting Emulator UI with command {"binary":"node","args":["C:\\Users\\New User\\.cache\\firebase\\emulators\\ui-v1.11.7\\server\\server.js"],"optionalArgs":[],"joinArgs":false} {"metadata":{"emulator":{"name":"ui"},"message":"Starting Emulator UI with command {\"binary\":\"node\",\"args\":[\"C:\\\\Users\\\\New User\\\\.cache\\\\firebase\\\\emulators\\\\ui-v1.11.7\\\\server\\\\server.js\"],\"optionalArgs\":[],\"joinArgs\":false}"}}
[info] i  ui: Emulator UI logging to ui-debug.log {"metadata":{"emulator":{"name":"ui"},"message":"Emulator UI logging to \u001b[1mui-debug.log\u001b[22m"}}
[debug] [2023-08-10T18:59:27.775Z] Web / API server started at 127.0.0.1:4005
 {"metadata":{"emulator":{"name":"ui"},"message":"Web / API server started at 127.0.0.1:4005\n"}}
[debug] [2023-08-10T18:59:27.775Z] Web / API server started at ::1:4005
 {"metadata":{"emulator":{"name":"ui"},"message":"Web / API server started at ::1:4005\n"}}
[info] i  functions: Watching "C:\Users\New User\Desktop\Amazon-clone\my-app\functions" for Cloud Functions... {"metadata":{"emulator":{"name":"functions"},"message":"Watching \"C:\\Users\\New User\\Desktop\\Amazon-clone\\my-app\\functions\" for Cloud Functions..."}}
[debug] [2023-08-10T18:59:27.954Z] Validating nodejs source
[debug] [2023-08-10T18:59:37.254Z] > [functions] package.json contents: {
  "name": "functions",
  "description": "Cloud Functions for Firebase",
  "scripts": {
    "lint": "eslint .",
    "serve": "firebase emulators:start --only functions",
    "shell": "firebase functions:shell",
    "start": "npm run shell",
    "deploy": "firebase deploy --only functions",
    "logs": "firebase functions:log"
  },
  "engines": {
    "node": "18"
  },
  "main": "index.js",
  "dependencies": {
    "cors": "^2.8.5",
    "express": "^4.18.2",
    "firebase-admin": "^11.8.0",
    "firebase-functions": "^4.3.1",
    "strip": "^3.0.0",
    "stripe": "^12.17.0"
  },
  "devDependencies": {
    "eslint": "^8.15.0",
    "eslint-config-google": "^0.14.0",
    "firebase-functions-test": "^3.1.0"
  },
  "private": true
}
[debug] [2023-08-10T18:59:37.255Z] Building nodejs source
[debug] [2023-08-10T18:59:37.257Z] Failed to find version of module node: reached end of search path C:\Users\New User\Desktop\Amazon-clone\my-app\functions\node_modules
[info] +  functions: Using node@18 from host. 
[debug] [2023-08-10T18:59:37.265Z] Could not find functions.yaml. Must use http discovery
[debug] [2023-08-10T18:59:37.295Z] Found firebase-functions binary at 'C:\Users\New User\Desktop\Amazon-clone\my-app\functions\node_modules\.bin\firebase-functions'
