[debug] [2023-08-15T20:36:47.397Z] ----------------------------------------------------------------------
[debug] [2023-08-15T20:36:47.402Z] Command:       C:\Program Files\nodejs\node.exe C:\Users\New User\AppData\Roaming\npm\node_modules\firebase-tools\lib\bin\firebase.js init
[debug] [2023-08-15T20:36:47.403Z] CLI Version:   12.4.7
[debug] [2023-08-15T20:36:47.404Z] Platform:      win32
[debug] [2023-08-15T20:36:47.404Z] Node Version:  v18.16.0
[debug] [2023-08-15T20:36:47.405Z] Time:          Tue Aug 15 2023 16:36:47 GMT-0400 (Eastern Daylight Time)
[debug] [2023-08-15T20:36:47.406Z] ----------------------------------------------------------------------
[debug] 
[debug] [2023-08-15T20:36:47.417Z] >>> [apiv2][query] GET https://firebase-public.firebaseio.com/cli.json [none]
[debug] [2023-08-15T20:36:47.821Z] > command requires scopes: ["email","openid","https://www.googleapis.com/auth/cloudplatformprojects.readonly","https://www.googleapis.com/auth/firebase","https://www.googleapis.com/auth/cloud-platform"]
[debug] [2023-08-15T20:36:47.824Z] > authorizing via signed-in user (edilawitmengistu68@gmail.com)
[info] 
     ######## #### ########  ######## ########     ###     ######  ########
     ##        ##  ##     ## ##       ##     ##  ##   ##  ##       ##
     ######    ##  ########  ######   ########  #########  ######  ######
     ##        ##  ##    ##  ##       ##     ## ##     ##       ## ##
     ##       #### ##     ## ######## ########  ##     ##  ######  ########

You're about to initialize a Firebase project in this directory:

  C:\Users\New User\Desktop\Amazon-clone\my-app

Before we get started, keep in mind:

  * You are initializing within an existing Firebase project directory

[debug] [2023-08-15T20:36:48.074Z] <<< [apiv2][status] GET https://firebase-public.firebaseio.com/cli.json 200
[debug] [2023-08-15T20:36:48.076Z] <<< [apiv2][body] GET https://firebase-public.firebaseio.com/cli.json {"cloudBuildErrorAfter":1594252800000,"cloudBuildWarnAfter":1590019200000,"defaultNode10After":1594252800000,"minVersion":"3.0.5","node8DeploysDisabledAfter":1613390400000,"node8RuntimeDisabledAfter":1615809600000,"node8WarnAfter":1600128000000}
[info] 
=== Project Setup
[info] 
[info] First, let's associate this project directory with a Firebase project.
[info] You can create multiple project aliases by running firebase use --add, 
[info] but for now we'll just set up a default project.
[info] 
[debug] [2023-08-15T20:38:10.693Z] Using project from CLI flag: clone-c80e8
[debug] [2023-08-15T20:38:10.694Z] > refreshing access token with scopes: []
[debug] [2023-08-15T20:38:10.696Z] >>> [apiv2][query] POST https://www.googleapis.com/oauth2/v3/token [none]
[debug] [2023-08-15T20:38:10.696Z] >>> [apiv2][body] POST https://www.googleapis.com/oauth2/v3/token [omitted]
[debug] [2023-08-15T20:38:10.947Z] <<< [apiv2][status] POST https://www.googleapis.com/oauth2/v3/token 200
[debug] [2023-08-15T20:38:10.947Z] <<< [apiv2][body] POST https://www.googleapis.com/oauth2/v3/token [omitted]
[debug] [2023-08-15T20:38:10.959Z] >>> [apiv2][query] GET https://firebase.googleapis.com/v1beta1/projects/clone-c80e8 [none]
[debug] [2023-08-15T20:38:11.331Z] <<< [apiv2][status] GET https://firebase.googleapis.com/v1beta1/projects/clone-c80e8 200
[debug] [2023-08-15T20:38:11.331Z] <<< [apiv2][body] GET https://firebase.googleapis.com/v1beta1/projects/clone-c80e8 {"projectId":"clone-c80e8","projectNumber":"654964203447","displayName":"Amazon-clone","name":"projects/clone-c80e8","resources":{"hostingSite":"clone-c80e8"},"state":"ACTIVE","etag":"1_1616e838-a973-403f-9d7e-b7d364c87626"}
[info] i  Using project clone-c80e8 (Amazon-clone) 
[info] 
=== Functions Setup
[debug] [2023-08-15T20:38:11.339Z] > command requires scopes: ["email","openid","https://www.googleapis.com/auth/cloudplatformprojects.readonly","https://www.googleapis.com/auth/firebase","https://www.googleapis.com/auth/cloud-platform"]
[debug] [2023-08-15T20:38:11.340Z] > authorizing via signed-in user (edilawitmengistu68@gmail.com)
[debug] [2023-08-15T20:38:11.340Z] [iam] checking project clone-c80e8 for permissions ["firebase.projects.get"]
[debug] [2023-08-15T20:38:11.343Z] >>> [apiv2][query] POST https://cloudresourcemanager.googleapis.com/v1/projects/clone-c80e8:testIamPermissions [none]
[debug] [2023-08-15T20:38:11.344Z] >>> [apiv2][(partial)header] POST https://cloudresourcemanager.googleapis.com/v1/projects/clone-c80e8:testIamPermissions x-goog-quota-user=projects/clone-c80e8
[debug] [2023-08-15T20:38:11.344Z] >>> [apiv2][body] POST https://cloudresourcemanager.googleapis.com/v1/projects/clone-c80e8:testIamPermissions {"permissions":["firebase.projects.get"]}
[debug] [2023-08-15T20:38:11.693Z] <<< [apiv2][status] POST https://cloudresourcemanager.googleapis.com/v1/projects/clone-c80e8:testIamPermissions 200
[debug] [2023-08-15T20:38:11.693Z] <<< [apiv2][body] POST https://cloudresourcemanager.googleapis.com/v1/projects/clone-c80e8:testIamPermissions {"permissions":["firebase.projects.get"]}
[debug] [2023-08-15T20:38:11.694Z] >>> [apiv2][query] GET https://serviceusage.googleapis.com/v1/projects/clone-c80e8/services/cloudfunctions.googleapis.com [none]
[debug] [2023-08-15T20:38:11.694Z] >>> [apiv2][(partial)header] GET https://serviceusage.googleapis.com/v1/projects/clone-c80e8/services/cloudfunctions.googleapis.com x-goog-quota-user=projects/clone-c80e8
[debug] [2023-08-15T20:38:11.696Z] >>> [apiv2][query] GET https://serviceusage.googleapis.com/v1/projects/clone-c80e8/services/runtimeconfig.googleapis.com [none]
[debug] [2023-08-15T20:38:11.697Z] >>> [apiv2][(partial)header] GET https://serviceusage.googleapis.com/v1/projects/clone-c80e8/services/runtimeconfig.googleapis.com x-goog-quota-user=projects/clone-c80e8
[debug] [2023-08-15T20:38:12.217Z] <<< [apiv2][status] GET https://serviceusage.googleapis.com/v1/projects/clone-c80e8/services/runtimeconfig.googleapis.com 200
[debug] [2023-08-15T20:38:12.217Z] <<< [apiv2][body] GET https://serviceusage.googleapis.com/v1/projects/clone-c80e8/services/runtimeconfig.googleapis.com [omitted]
[debug] [2023-08-15T20:38:12.222Z] <<< [apiv2][status] GET https://serviceusage.googleapis.com/v1/projects/clone-c80e8/services/cloudfunctions.googleapis.com 200
[debug] [2023-08-15T20:38:12.222Z] <<< [apiv2][body] GET https://serviceusage.googleapis.com/v1/projects/clone-c80e8/services/cloudfunctions.googleapis.com [omitted]
[info] 
Detected existing codebase(s): default, amazon-clone

